Fri May 13 14:36:51 CEST 2016 : Server di rete Apache Derby: 10.11.1.2 - (1629631) avviato e pronto ad accettare connessioni sulla porta 1527
----------------------------------------------------------------
Fri May 13 14:36:52 CEST 2016:
Avvio della versione di Derby The Apache Software Foundation - Apache Derby - 10.11.1.2 - (1629631): istanza a816c00e-0154-aa1e-91b7-00001c3d0c7d
sulla directory di database C:\Users\Nando\Documents\NetBeansProjects\amm-gruppoa\Milestone4\web\WEB-INF\db\AMMDB con caricatore classi sun.misc.Launcher$AppClassLoader@5e2de80c 
Caricato da file:/C:/Program%20Files/Java/jdk1.8.0_60/db/lib/derby.jar
java.vendor=Oracle Corporation
java.runtime.version=1.8.0_60-b27
user.dir=C:\Program Files\Java\jdk1.8.0_60\db
os.name=Windows 7
os.arch=amd64
os.version=6.1
derby.system.home=C:\Users\Nando\Documents\NetBeansProjects\amm-gruppoa\Milestone4\web\WEB-INF\db
Programma di caricamento classe database avviato - derby.database.classpath=''
----------------------------------------------------------------
Fri May 13 14:37:42 CEST 2016:
Arresto dell'istanza a816c00e-0154-aa1e-91b7-00001c3d0c7d nella directory del database C:\Users\Nando\Documents\NetBeansProjects\amm-gruppoa\Milestone4\web\WEB-INF\db\AMMDB con il caricatore di classi sun.misc.Launcher$AppClassLoader@5e2de80c 
Fri May 13 14:37:44 CEST 2016 Thread[DRDAConnThread_2,5,main] (DATABASE = AMMDB), (DRDAID = {2}), Chiusura del database 'AMMDB'.
----------------------------------------------------------------
Fri May 13 14:38:37 CEST 2016:
Avvio della versione di Derby The Apache Software Foundation - Apache Derby - 10.11.1.2 - (1629631): istanza a65c80ac-0154-aa1e-91b7-00001c3d0c7d
sulla directory di database C:\Users\Nando\Documents\NetBeansProjects\amm-gruppoa\Milestone4\web\WEB-INF\db\AMMDB con caricatore classi sun.misc.Launcher$AppClassLoader@5e2de80c 
Caricato da file:/C:/Program%20Files/Java/jdk1.8.0_60/db/lib/derby.jar
java.vendor=Oracle Corporation
java.runtime.version=1.8.0_60-b27
user.dir=C:\Program Files\Java\jdk1.8.0_60\db
os.name=Windows 7
os.arch=amd64
os.version=6.1
derby.system.home=C:\Users\Nando\Documents\NetBeansProjects\amm-gruppoa\Milestone4\web\WEB-INF\db
Programma di caricamento classe database avviato - derby.database.classpath=''
